c:\users\nickwindows\desktop\education\polytech\7_semester\computer_graphics\labs\dx11tutorials\c++\tutorial07\debug\vc142.pdb
c:\users\nickwindows\desktop\education\polytech\7_semester\computer_graphics\labs\dx11tutorials\c++\tutorial07\debug\vc142.idb
c:\users\nickwindows\desktop\education\polytech\7_semester\computer_graphics\labs\dx11tutorials\c++\tutorial07\debug\tutorial07.obj
c:\users\nickwindows\desktop\education\polytech\7_semester\computer_graphics\labs\dx11tutorials\c++\tutorial07\debug\ddstextureloader.obj
c:\users\nickwindows\desktop\education\polytech\7_semester\computer_graphics\labs\dx11tutorials\c++\debug\tutorial07_ps.cso
c:\users\nickwindows\desktop\education\polytech\7_semester\computer_graphics\labs\dx11tutorials\c++\debug\tutorial07_vs.cso
c:\users\nickwindows\desktop\education\polytech\7_semester\computer_graphics\labs\dx11tutorials\c++\debug\tutorial07.ilk
c:\users\nickwindows\desktop\education\polytech\7_semester\computer_graphics\labs\dx11tutorials\c++\debug\tutorial07.exe
c:\users\nickwindows\desktop\education\polytech\7_semester\computer_graphics\labs\dx11tutorials\c++\debug\tutorial07.pdb
c:\users\nickwindows\desktop\education\polytech\7_semester\computer_graphics\labs\dx11tutorials\c++\tutorial07\debug\tutorial07.res
c:\users\nickwindows\desktop\education\polytech\7_semester\computer_graphics\labs\dx11tutorials\c++\tutorial07\debug\tutorial07.tlog\cl.command.1.tlog
c:\users\nickwindows\desktop\education\polytech\7_semester\computer_graphics\labs\dx11tutorials\c++\tutorial07\debug\tutorial07.tlog\cl.read.1.tlog
c:\users\nickwindows\desktop\education\polytech\7_semester\computer_graphics\labs\dx11tutorials\c++\tutorial07\debug\tutorial07.tlog\cl.write.1.tlog
c:\users\nickwindows\desktop\education\polytech\7_semester\computer_graphics\labs\dx11tutorials\c++\tutorial07\debug\tutorial07.tlog\fxc.command.1.tlog
c:\users\nickwindows\desktop\education\polytech\7_semester\computer_graphics\labs\dx11tutorials\c++\tutorial07\debug\tutorial07.tlog\fxc.read.1.tlog
c:\users\nickwindows\desktop\education\polytech\7_semester\computer_graphics\labs\dx11tutorials\c++\tutorial07\debug\tutorial07.tlog\fxc.write.1.tlog
c:\users\nickwindows\desktop\education\polytech\7_semester\computer_graphics\labs\dx11tutorials\c++\tutorial07\debug\tutorial07.tlog\link.command.1.tlog
c:\users\nickwindows\desktop\education\polytech\7_semester\computer_graphics\labs\dx11tutorials\c++\tutorial07\debug\tutorial07.tlog\link.read.1.tlog
c:\users\nickwindows\desktop\education\polytech\7_semester\computer_graphics\labs\dx11tutorials\c++\tutorial07\debug\tutorial07.tlog\link.write.1.tlog
c:\users\nickwindows\desktop\education\polytech\7_semester\computer_graphics\labs\dx11tutorials\c++\tutorial07\debug\tutorial07.tlog\rc.command.1.tlog
c:\users\nickwindows\desktop\education\polytech\7_semester\computer_graphics\labs\dx11tutorials\c++\tutorial07\debug\tutorial07.tlog\rc.read.1.tlog
c:\users\nickwindows\desktop\education\polytech\7_semester\computer_graphics\labs\dx11tutorials\c++\tutorial07\debug\tutorial07.tlog\rc.write.1.tlog
